2022-07-20 09:58:17,357 INFO com.sapient.utility.App [main] Vehicle Object Created0
2022-07-20 10:04:45,261 INFO com.sapient.utility.App [main] Vehicle Object Created1200000
2022-07-20 10:05:17,771 INFO com.sapient.utility.App [main] Vehicle Object Created,Vehicle(regNo=TN-02-3457, make=Honda, color=Maroon, cost=1200000)
2022-07-20 10:17:27,889 INFO com.sapient.utility.App [main] Vehicle Object Created,Vehicle(regNo=TN-02-3457, make=Honda, color=Maroon, cost=1200000)
2022-07-20 10:23:26,603 INFO com.sapient.utility.App [main] Vehicle Object Created,Vehicle(regNo=TN-02-3457, make=Honda, color=Maroon, cost=1200000)
2022-07-20 10:27:34,068 INFO com.sapient.utility.App [main] Vehicle1 Object Created,Vehicle(regNo=TN-02-3457, make=Honda, color=Maroon, cost=1200000)
2022-07-20 10:27:34,071 INFO com.sapient.utility.App [main] Vehicle2 Object Created,Vehicle(regNo=TN-02-3457, make=Honda, color=Maroon, cost=1200000)
2022-07-20 10:28:18,453 INFO com.sapient.utility.App [main] Vehicle1 Object Created,Vehicle(regNo=TN-02-3457, make=Honda, color=Maroon, cost=1200000)
2022-07-20 10:28:18,456 INFO com.sapient.utility.App [main] Vehicle2 Object Created,Vehicle(regNo=TN-02-3457, make=Honda, color=Maroon, cost=1200000)
2022-07-20 10:28:18,456 INFO com.sapient.utility.App [main] Vehicle1 Object Created,Vehicle(regNo=TN-02-3457, make=Hyundai, color=Maroon, cost=1200000)
2022-07-20 10:29:26,666 INFO com.sapient.utility.App [main] Vehicle1 Object Created,Vehicle(regNo=TN-02-3457, make=Honda, color=Maroon, cost=1200000)
2022-07-20 10:29:26,669 INFO com.sapient.utility.App [main] Vehicle2 Object Created,Vehicle(regNo=TN-02-3457, make=Honda, color=Maroon, cost=1200000)
2022-07-20 10:29:26,669 INFO com.sapient.utility.App [main] Vehicle1 Object Created,Vehicle(regNo=TN-02-3457, make=Honda, color=Maroon, cost=1200000)
2022-07-20 10:30:37,801 INFO com.sapient.utility.App [main] Vehicle1 Object Created,Vehicle(regNo=TN-02-3457, make=Honda, color=Maroon, cost=1200000)
2022-07-20 10:30:37,804 INFO com.sapient.utility.App [main] Vehicle2 Object Created,Vehicle(regNo=TN-02-3457, make=Honda, color=Maroon, cost=1200000)
2022-07-20 10:30:37,804 INFO com.sapient.utility.App [main] Vehicle1 Object Created,Vehicle(regNo=TN-02-3457, make=Honda, color=Maroon, cost=1200000)
2022-07-20 10:30:37,804 INFO com.sapient.utility.App [main] Vehicle2 Object Created,Vehicle(regNo=TN-02-3457, make=Hyundai, color=Maroon, cost=1200000)
2022-07-20 10:33:48,397 INFO com.sapient.utility.App [main] Vehicle1 Object Created,Vehicle(regNo=TN-02-3457, make=Honda, color=Maroon, cost=1200000)
2022-07-20 10:33:48,399 INFO com.sapient.utility.App [main] Vehicle2 Object Created,Vehicle(regNo=TN-02-3457, make=Honda, color=Maroon, cost=1200000)
2022-07-20 10:33:48,399 INFO com.sapient.utility.App [main] Vehicle1 Object Created,Vehicle(regNo=TN-02-3457, make=Hyundai, color=Maroon, cost=1200000)
2022-07-20 10:33:48,399 INFO com.sapient.utility.App [main] Vehicle2 Object Created,Vehicle(regNo=TN-02-3457, make=Hyundai, color=Maroon, cost=1200000)
2022-07-20 10:34:13,050 INFO com.sapient.utility.App [main] Vehicle1 Object Created,Vehicle(regNo=TN-02-3457, make=Honda, color=Maroon, cost=1200000)
2022-07-20 10:34:13,053 INFO com.sapient.utility.App [main] Vehicle2 Object Created,Vehicle(regNo=TN-02-3457, make=Honda, color=Maroon, cost=1200000)
2022-07-20 10:34:13,054 INFO com.sapient.utility.App [main] Vehicle1 Object Created,Vehicle(regNo=TN-02-3457, make=Honda, color=Maroon, cost=1200000)
2022-07-20 10:34:13,054 INFO com.sapient.utility.App [main] Vehicle2 Object Created,Vehicle(regNo=TN-02-3457, make=Hyundai, color=Maroon, cost=1200000)
2022-07-20 10:56:02,680 INFO com.sapient.utility.App [main] Vehicle1 Object Created,Vehicle(regNo=TN-02-3457, make=Honda, color=Maroon, cost=1200000, dop=Mon Mar 27 00:00:00 IST 3922)
2022-07-20 10:56:02,683 INFO com.sapient.utility.App [main] Vehicle2 Object Created,Vehicle(regNo=TN-02-3457, make=Honda, color=Maroon, cost=1200000, dop=Mon Mar 27 00:00:00 IST 3922)
2022-07-20 10:56:02,683 INFO com.sapient.utility.App [main] Vehicle1 Object Created,Vehicle(regNo=TN-02-3457, make=Honda, color=Maroon, cost=1200000, dop=Mon Mar 27 00:00:00 IST 3922)
2022-07-20 10:56:02,683 INFO com.sapient.utility.App [main] Vehicle2 Object Created,Vehicle(regNo=TN-02-3457, make=Hyundai, color=Maroon, cost=1200000, dop=Mon Mar 27 00:00:00 IST 3922)
2022-07-20 10:57:07,869 INFO com.sapient.utility.App [main] Vehicle1 Object Created,Vehicle(regNo=TN-02-3457, make=Honda, color=Maroon, cost=1200000, dop=Sun Feb 27 00:00:00 IST 2022)
2022-07-20 10:57:07,871 INFO com.sapient.utility.App [main] Vehicle2 Object Created,Vehicle(regNo=TN-02-3457, make=Honda, color=Maroon, cost=1200000, dop=Sun Feb 27 00:00:00 IST 2022)
2022-07-20 10:57:07,871 INFO com.sapient.utility.App [main] Vehicle1 Object Created,Vehicle(regNo=TN-02-3457, make=Honda, color=Maroon, cost=1200000, dop=Sun Feb 27 00:00:00 IST 2022)
2022-07-20 10:57:07,871 INFO com.sapient.utility.App [main] Vehicle2 Object Created,Vehicle(regNo=TN-02-3457, make=Hyundai, color=Maroon, cost=1200000, dop=Sun Feb 27 00:00:00 IST 2022)
2022-07-20 11:09:49,496 INFO com.sapient.utility.App [main] Vehicle1 Object Created,Vehicle(regNo=TN-02-3457, make=Honda, color=Maroon, cost=1200000, dop=Sun Feb 27 00:00:00 IST 2022)
2022-07-20 11:09:49,500 INFO com.sapient.utility.App [main] Vehicle2 Object Created,Vehicle(regNo=TN-02-3457, make=Honda, color=Maroon, cost=1200000, dop=Sun Feb 27 00:00:00 IST 2022)
2022-07-20 11:09:49,500 INFO com.sapient.utility.App [main] Vehicle1 Object Created,Vehicle(regNo=TN-02-3457, make=Honda, color=Maroon, cost=1200000, dop=Sun Feb 27 00:00:00 IST 2022)
2022-07-20 11:09:49,501 INFO com.sapient.utility.App [main] Vehicle2 Object Created,Vehicle(regNo=TN-02-3457, make=Hyundai, color=Maroon, cost=1200000, dop=Sun Feb 27 00:00:00 IST 2022)
2022-07-20 11:09:49,637 INFO com.sapient.utility.App [main] Vehicle of the Owner,Vehicle(regNo=TN-02-3457, make=Honda, color=Maroon, cost=1200000, dop=Sun Feb 27 00:00:00 IST 2022)
2022-07-20 11:09:49,637 INFO com.sapient.utility.App [main] Vehicle of the Owner,Vehicle(regNo=TN-12-13457, make=XUV 700, color=Navy Blue, cost=2700000, dop=Sun Feb 27 00:00:00 IST 2022)
2022-07-20 11:44:51,984 INFO com.sapient.utility.ApplicationContextApp [main] Vehile Info,Vehicle(regNo=TN-12-13457, make=XUV 700, color=Navy Blue, cost=2700000, dop=Sun Feb 27 00:00:00 IST 2022)
