Arguments: 
  D:\Program Files\nodejs\node.exe C:\Users\Balasubramaniam\AppData\Roaming\npm\node_modules\yarn\bin\yarn.js test

PATH: 
  C:\Users\Balasubramaniam\AppData\Roaming\npm;D:\Program Files\nodejs\;C:\Program Files\Microsoft\jdk-11.0.12.7-hotspot\bin;C:\Program Files\Microsoft SDKs\Azure\Azure Dev Spaces CLI\;E:\app\Balasubramaniam\product\11.2.0\client_2\bin;C:\Program Files (x86)\Common Files\Oracle\Java\javapath;C:\Python27\;C:\Python27\Scripts;C:\Program Files (x86)\Microsoft SDKs\Azure\CLI2\wbin;C:\Program Files\Microsoft MPI\Bin\;C:\Perl64\site\bin;C:\Perl64\bin;C:\Windows\system32;C:\Windows;C:\Windows\System32\Wbem;C:\Windows\System32\WindowsPowerShell\v1.0\;C:\Program Files (x86)\NVIDIA Corporation\PhysX\Common;C:\Users\Balasubramaniam\AppData\Local\Programs\Python\Python36;C:\Users\Balasubramaniam\AppData\Local\Programs\Python\Python36\Scripts;D:\Program Files\Amazon\AWSCLI\bin\;C:\Program Files\Microsoft SQL Server\Client SDK\ODBC\170\Tools\Binn\;D:\Program Files (x86)\Graphviz2.38\bin;C:\Program Files\dotnet\;C:\Users\Balasubramaniam\.azure-kubectl;E:\software\A08\file\spring-boot-cli-2.1.5.RELEASE-bin\spring-2.1.5.RELEASE\bin;E:\software\A08\file\apache-maven-3.6.1-bin\apache-maven-3.6.1\bin;E:\software\A08\file\oc;E:\software\A08\file\minishift-1.34.1-windows-amd64;E:\software\A08\file\hadoop-3.1.0.tar\hadoop-3.1.0\bin;C:\Program Files (x86)\Intel\Intel(R) Management Engine Components\DAL;C:\Program Files\Intel\Intel(R) Management Engine Components\DAL;E:\software\A08\file\apache-zookeeper-3.5.6-bin.tar\apache-zookeeper-3.5.6-bin\apache-zookeeper-3.5.6-bin\bin;d:\Program Files\Git LFS;C:\Program Files\Intel\WiFi\bin\;C:\Program Files\Common Files\Intel\WirelessCommon\;d:\Program Files\Kubernetes\Minikube;D:\Program Files (x86)\scala\bin;C:\Program Files (x86)\Microsoft SQL Server\150\Tools\Binn\;C:\Program Files\Microsoft SQL Server\150\Tools\Binn\;C:\Program Files\Microsoft SQL Server\150\DTS\Binn\;C:\Program Files (x86)\dotnet\;D:\Go\bin;C:\Program Files (x86)\Microsoft SQL Server\150\DTS\Binn\;C:\Program Files\TortoiseSVN\bin;D:\HashiCorp\Vagrant\bin;C:\Program Files\PuTTY\;C:\Program Files\Git\cmd;C:\WINDOWS\system32;C:\WINDOWS;C:\WINDOWS\System32\Wbem;C:\WINDOWS\System32\WindowsPowerShell\v1.0\;C:\WINDOWS\System32\OpenSSH\;D:\Program Files (x86)\sbt\bin;D:\Program Files\nodejs\;C:\Program Files\Docker\Docker\resources\bin;C:\ProgramData\DockerDesktop\version-bin;d:\Ruby30-x64\bin;C:\Program Files\MySQL\MySQL Shell 8.0\bin\;d:\jruby-9.1.16.0\bin;C:\Users\Balasubramaniam\AppData\Local\Microsoft\WindowsApps;C:\Program Files\Java\jdk-11.0.1\bin;C:\Users\Balasubramaniam\.dotnet\tools;E:\software\A08\file\consul_1.4.0_windows_amd64;C:\Users\Balasubramaniam\AppData\Local\Yarn\bin;C:\Users\Balasubramaniam\AppData\Local\Android\Sdk\platform-tools;E:\software\A08\file;E:\software\A08\file\spark\bin;C:\Program Files\Java\jdk1.8.0_251\bin;E:\software\A08\file\openssl-1.0.2q-x64_86-win64;E:\software\A08\file\cf7-cli-installer_7.0.0-beta.27_winx64;C:\Program Files\MongoDB\Server\4.2\bin;E:\software\A08\file\flutter_windows_v1.12.13+hotfix.5-stable\flutter\bin;E:\software\A08\file\cwRsync_5.4.1_x86_Free;G:\Local disk\proc\instantclient-precomp-windows.x64-11.2.0.4.0\instantclient_11_2\sdk;E:\software\A08\file\apache-zookeeper-3.6.1-bin.tar\apache-zookeeper-3.6.1-bin\apache-zookeeper-3.6.1-bin\bin;E:\software\A08\file\wget-1.20.3-win64;E:\software\A08\file\vault_1.4.2_windows_amd64;E:\software\A08\file\apache-ant-1.10.9-bin\apache-ant-1.10.9\bin;C:\Users\Balasubramaniam\go\bin;E:\software\A08\file\glide-v0.13.3-windows-amd64\windows-amd64;E:\software\A08\file\helm-v3.5.1-windows-amd64\windows-amd64;D:\PostgreSQL\13\bin;C:\Users\Balasubramaniam\.dotnet\tools;E:\software\A08\file\apache-groovy-sdk-3.0.8\groovy-3.0.8\bin;E:\software\A08\file\gradle-7.0.2-all\gradle-7.0.2\bin;E:\software\A08\file\grails-4.0.10\bin;E:\software\A08\file\sonar-scanner-cli-4.6.2.2472-windows\sonar-scanner-4.6.2.2472-windows\bin;C:\Program Files (x86)\Microsoft Visual Studio\Shared\Anaconda3_64;E:\software\A08\file\terraform_1.0.1_windows_amd64;C:\Program Files\Java\jdk-11.0.12\bin;C:\Program Files\Elastic\Beats\7.15.0;C:\Users\Balasubramaniam\AppData\Local\Microsoft\WindowsApps;d:\Program Files\JetBrains\GoLand 2021.3\bin;d:\Users\Balasubramaniam\AppData\Local\Programs\Microsoft VS Code\bin;C:\Users\Balasubramaniam\AppData\Local\Coursier\data\bin;C:\Users\Balasubramaniam\AppData\Roaming\npm

Yarn version: 
  1.22.11

Node version: 
  17.3.0

Platform: 
  win32 x64

Trace: 
  SyntaxError: F:\AspireReactApr2020\inventory-app\package.json: Unexpected token } in JSON at position 1127
      at JSON.parse (<anonymous>)
      at C:\Users\Balasubramaniam\AppData\Roaming\npm\node_modules\yarn\lib\cli.js:1625:59
      at Generator.next (<anonymous>)
      at step (C:\Users\Balasubramaniam\AppData\Roaming\npm\node_modules\yarn\lib\cli.js:310:30)
      at C:\Users\Balasubramaniam\AppData\Roaming\npm\node_modules\yarn\lib\cli.js:321:13

npm manifest: 
  {
    "name": "inventory-app",
    "version": "0.1.0",
    "private": true,
    "dependencies": {
      "@testing-library/jest-dom": "^5.14.1",
      "@testing-library/react": "^12.0.0",
      "@testing-library/user-event": "^13.2.1",
      "react": "^17.0.2",
      "react-dom": "^17.0.2",
      "react-scripts": "5.0.0",
      "react-router-dom": "^6.2.1",
      "web-vitals": "^2.1.0",
      "jest": "^27.4.5",
      "@wojtekmaj/enzyme-adapter-react-17": "^0.6.6",
      "enzyme": "^3.11.0",
      "axios": "^0.24.0",
      "jest-html-reporter": "^3.4.2",
      "jest-config": "^27.4.5",
      "jest-watch-typeahead": "^1.0.0"
    },
    "scripts": {
      "start": "react-scripts start",
      "build": "react-scripts build",
      "test": "react-scripts test",
      "eject": "react-scripts eject"
    },
    "eslintConfig": {
      "extends": [
        "react-app",
        "react-app/jest"
      ]
    },
    "browserslist": {
      "production": [
        ">0.2%",
        "not dead",
        "not op_mini all"
      ],
      "development": [
        "last 1 chrome version",
        "last 1 firefox version",
        "last 1 safari version"
      ]
    },
    "jest": {
      "coverageReporters": ["lcov"],
  
    }
  }

yarn manifest: 
  No manifest

Lockfile: 
  No lockfile
