2022-08-24 11:03:03.798  INFO DESKTOP-55AGI0I --- [  restartedMain] .e.DevToolsPropertyDefaultsPostProcessor : Devtools property defaults active! Set 'spring.devtools.add-properties' to 'false' to disable
2022-08-24 11:03:04.542  INFO DESKTOP-55AGI0I --- [  restartedMain] i.s.c.AbstractJestClient                 : Setting server pool to a list of 1 servers: [http://34.239.172.1:9200/]
2022-08-24 11:03:04.545  INFO DESKTOP-55AGI0I --- [  restartedMain] i.s.c.JestClientFactory                  : Using multi thread/connection supporting pooling connection manager
2022-08-24 11:03:04.579  INFO DESKTOP-55AGI0I --- [  restartedMain] i.s.c.JestClientFactory                  : Using default GSON instance
2022-08-24 11:03:04.580  INFO DESKTOP-55AGI0I --- [  restartedMain] i.s.c.JestClientFactory                  : Node Discovery disabled...
2022-08-24 11:03:04.581  INFO DESKTOP-55AGI0I --- [  restartedMain] i.s.c.JestClientFactory                  : Idle connection reaping disabled...
2022-08-24 11:03:05.494  INFO DESKTOP-55AGI0I --- [  BatchNotifier] i.s.c.AbstractJestClient                 : Setting server pool to a list of 1 servers: [http://34.239.172.1:9200/]
2022-08-24 11:03:05.496  INFO DESKTOP-55AGI0I --- [  BatchNotifier] i.s.c.JestClientFactory                  : Using multi thread/connection supporting pooling connection manager
2022-08-24 11:03:05.500  INFO DESKTOP-55AGI0I --- [  BatchNotifier] i.s.c.JestClientFactory                  : Using default GSON instance
2022-08-24 11:03:05.500  INFO DESKTOP-55AGI0I --- [  BatchNotifier] i.s.c.JestClientFactory                  : Node Discovery disabled...
2022-08-24 11:03:05.500  INFO DESKTOP-55AGI0I --- [  BatchNotifier] i.s.c.JestClientFactory                  : Idle connection reaping disabled...
2022-08-24 11:03:06.775  INFO DESKTOP-55AGI0I --- [  restartedMain] b.c.PropertySourceBootstrapConfiguration : Located property source: [BootstrapPropertySource {name='bootstrapProperties-/config/log4jdemo/'}, BootstrapPropertySource {name='bootstrapProperties-/config/application/'}]
2022-08-24 11:03:06.781  INFO DESKTOP-55AGI0I --- [  restartedMain] c.p.l.Log4jdemoApplication               : No active profile set, falling back to default profiles: default
2022-08-24 11:03:08.678  INFO DESKTOP-55AGI0I --- [  restartedMain] o.s.c.c.s.GenericScope                   : BeanFactory id=a58fd0d7-da44-32d6-893b-bee1219a40ad
2022-08-24 11:03:08.697  INFO DESKTOP-55AGI0I --- [  restartedMain] trationDelegate$BeanPostProcessorChecker : Bean '(inner bean)#3b5aa049' of type [com.amazonaws.auth.EC2ContainerCredentialsProviderWrapper] is not eligible for getting processed by all BeanPostProcessors (for example: not eligible for auto-proxying)
2022-08-24 11:03:08.705  INFO DESKTOP-55AGI0I --- [  restartedMain] trationDelegate$BeanPostProcessorChecker : Bean '(inner bean)#5dd2cb93' of type [com.amazonaws.auth.profile.ProfileCredentialsProvider] is not eligible for getting processed by all BeanPostProcessors (for example: not eligible for auto-proxying)
2022-08-24 11:03:08.708  INFO DESKTOP-55AGI0I --- [  restartedMain] trationDelegate$BeanPostProcessorChecker : Bean 'credentialsProvider' of type [org.springframework.cloud.aws.core.credentials.CredentialsProviderFactoryBean] is not eligible for getting processed by all BeanPostProcessors (for example: not eligible for auto-proxying)
2022-08-24 11:03:08.708  INFO DESKTOP-55AGI0I --- [  restartedMain] trationDelegate$BeanPostProcessorChecker : Bean 'credentialsProvider' of type [com.amazonaws.auth.AWSCredentialsProviderChain] is not eligible for getting processed by all BeanPostProcessors (for example: not eligible for auto-proxying)
2022-08-24 11:03:08.976  INFO DESKTOP-55AGI0I --- [  restartedMain] o.s.b.w.e.t.TomcatWebServer              : Tomcat initialized with port(s): 7070 (http)
2022-08-24 11:03:08.983  INFO DESKTOP-55AGI0I --- [  restartedMain] o.a.c.h.Http11NioProtocol                : Initializing ProtocolHandler ["http-nio-7070"]
2022-08-24 11:03:08.984  INFO DESKTOP-55AGI0I --- [  restartedMain] o.a.c.c.StandardService                  : Starting service [Tomcat]
2022-08-24 11:03:08.984  INFO DESKTOP-55AGI0I --- [  restartedMain] o.a.c.c.StandardEngine                   : Starting Servlet engine: [Apache Tomcat/9.0.46]
2022-08-24 11:03:09.108  INFO DESKTOP-55AGI0I --- [  restartedMain] o.a.c.c.C.[.[.[/]                        : Initializing Spring embedded WebApplicationContext
2022-08-24 11:03:09.109  INFO DESKTOP-55AGI0I --- [  restartedMain] w.s.c.ServletWebServerApplicationContext : Root WebApplicationContext: initialization completed in 2312 ms
2022-08-24 11:03:09.885  INFO DESKTOP-55AGI0I --- [  restartedMain] o.s.s.c.ThreadPoolTaskExecutor           : Initializing ExecutorService 'applicationTaskExecutor'
2022-08-24 11:03:10.547  INFO DESKTOP-55AGI0I --- [  restartedMain] o.s.s.c.ThreadPoolTaskScheduler          : Initializing ExecutorService 'taskScheduler'
2022-08-24 11:03:10.587  INFO DESKTOP-55AGI0I --- [  restartedMain] o.s.b.d.a.OptionalLiveReloadServer       : LiveReload server is running on port 35729
2022-08-24 11:03:10.827  INFO DESKTOP-55AGI0I --- [  restartedMain] o.s.b.a.e.w.EndpointLinksResolver        : Exposing 2 endpoint(s) beneath base path '/actuator'
2022-08-24 11:03:10.930  INFO DESKTOP-55AGI0I --- [  restartedMain] o.a.c.h.Http11NioProtocol                : Starting ProtocolHandler ["http-nio-7070"]
2022-08-24 11:03:10.942  INFO DESKTOP-55AGI0I --- [  restartedMain] o.s.b.w.e.t.TomcatWebServer              : Tomcat started on port(s): 7070 (http) with context path ''
2022-08-24 11:03:10.959  INFO DESKTOP-55AGI0I --- [  restartedMain] c.p.l.Log4jdemoApplication               : Started Log4jdemoApplication in 7.47 seconds (JVM running for 10.051)
2022-08-24 11:03:10.964  INFO DESKTOP-55AGI0I --- [  restartedMain] c.p.l.Log4jdemoApplication               : Info level log message
2022-08-24 11:03:10.966 DEBUG DESKTOP-55AGI0I --- [  restartedMain] c.p.l.Log4jdemoApplication               : Debug level log message
2022-08-24 11:03:10.966 ERROR DESKTOP-55AGI0I --- [  restartedMain] c.p.l.Log4jdemoApplication               : Error level log message
2022-08-24 11:03:11.967  INFO DESKTOP-55AGI0I --- [)-192.168.0.103] o.a.c.c.C.[.[.[/]                        : Initializing Spring DispatcherServlet 'dispatcherServlet'
2022-08-24 11:03:11.968  INFO DESKTOP-55AGI0I --- [)-192.168.0.103] o.s.w.s.DispatcherServlet                : Initializing Servlet 'dispatcherServlet'
2022-08-24 11:03:11.985  INFO DESKTOP-55AGI0I --- [)-192.168.0.103] o.s.w.s.DispatcherServlet                : Completed initialization in 17 ms
2022-08-24 11:05:11.387  INFO DESKTOP-55AGI0I --- [extShutdownHook] o.s.s.c.ThreadPoolTaskScheduler          : Shutting down ExecutorService 'taskScheduler'
2022-08-24 11:05:11.389  INFO DESKTOP-55AGI0I --- [extShutdownHook] o.s.s.c.ThreadPoolTaskExecutor           : Shutting down ExecutorService 'applicationTaskExecutor'
2022-08-24 11:07:21.403  INFO DESKTOP-55AGI0I --- [  restartedMain] .e.DevToolsPropertyDefaultsPostProcessor : Devtools property defaults active! Set 'spring.devtools.add-properties' to 'false' to disable
2022-08-24 11:07:22.129  INFO DESKTOP-55AGI0I --- [  restartedMain] i.s.c.AbstractJestClient                 : Setting server pool to a list of 1 servers: [http://34.239.172.1:9200/]
2022-08-24 11:07:22.131  INFO DESKTOP-55AGI0I --- [  restartedMain] i.s.c.JestClientFactory                  : Using multi thread/connection supporting pooling connection manager
2022-08-24 11:07:22.163  INFO DESKTOP-55AGI0I --- [  restartedMain] i.s.c.JestClientFactory                  : Using default GSON instance
2022-08-24 11:07:22.163  INFO DESKTOP-55AGI0I --- [  restartedMain] i.s.c.JestClientFactory                  : Node Discovery disabled...
2022-08-24 11:07:22.163  INFO DESKTOP-55AGI0I --- [  restartedMain] i.s.c.JestClientFactory                  : Idle connection reaping disabled...
2022-08-24 11:07:23.089  INFO DESKTOP-55AGI0I --- [  BatchNotifier] i.s.c.AbstractJestClient                 : Setting server pool to a list of 1 servers: [http://34.239.172.1:9200/]
2022-08-24 11:07:23.091  INFO DESKTOP-55AGI0I --- [  BatchNotifier] i.s.c.JestClientFactory                  : Using multi thread/connection supporting pooling connection manager
2022-08-24 11:07:23.096  INFO DESKTOP-55AGI0I --- [  BatchNotifier] i.s.c.JestClientFactory                  : Using default GSON instance
2022-08-24 11:07:23.097  INFO DESKTOP-55AGI0I --- [  BatchNotifier] i.s.c.JestClientFactory                  : Node Discovery disabled...
2022-08-24 11:07:23.097  INFO DESKTOP-55AGI0I --- [  BatchNotifier] i.s.c.JestClientFactory                  : Idle connection reaping disabled...
2022-08-24 11:07:24.325  INFO DESKTOP-55AGI0I --- [  restartedMain] b.c.PropertySourceBootstrapConfiguration : Located property source: [BootstrapPropertySource {name='bootstrapProperties-/config/log4jdemo/'}, BootstrapPropertySource {name='bootstrapProperties-/config/application/'}]
2022-08-24 11:07:24.329  INFO DESKTOP-55AGI0I --- [  restartedMain] c.p.l.Log4jdemoApplication               : No active profile set, falling back to default profiles: default
2022-08-24 11:07:26.410  INFO DESKTOP-55AGI0I --- [  restartedMain] o.s.c.c.s.GenericScope                   : BeanFactory id=a58fd0d7-da44-32d6-893b-bee1219a40ad
2022-08-24 11:07:26.429  INFO DESKTOP-55AGI0I --- [  restartedMain] trationDelegate$BeanPostProcessorChecker : Bean '(inner bean)#326ba05f' of type [com.amazonaws.auth.EC2ContainerCredentialsProviderWrapper] is not eligible for getting processed by all BeanPostProcessors (for example: not eligible for auto-proxying)
2022-08-24 11:07:26.440  INFO DESKTOP-55AGI0I --- [  restartedMain] trationDelegate$BeanPostProcessorChecker : Bean '(inner bean)#23c6d579' of type [com.amazonaws.auth.profile.ProfileCredentialsProvider] is not eligible for getting processed by all BeanPostProcessors (for example: not eligible for auto-proxying)
2022-08-24 11:07:26.443  INFO DESKTOP-55AGI0I --- [  restartedMain] trationDelegate$BeanPostProcessorChecker : Bean 'credentialsProvider' of type [org.springframework.cloud.aws.core.credentials.CredentialsProviderFactoryBean] is not eligible for getting processed by all BeanPostProcessors (for example: not eligible for auto-proxying)
2022-08-24 11:07:26.444  INFO DESKTOP-55AGI0I --- [  restartedMain] trationDelegate$BeanPostProcessorChecker : Bean 'credentialsProvider' of type [com.amazonaws.auth.AWSCredentialsProviderChain] is not eligible for getting processed by all BeanPostProcessors (for example: not eligible for auto-proxying)
2022-08-24 11:07:26.768  INFO DESKTOP-55AGI0I --- [  restartedMain] o.s.b.w.e.t.TomcatWebServer              : Tomcat initialized with port(s): 7070 (http)
2022-08-24 11:07:26.775  INFO DESKTOP-55AGI0I --- [  restartedMain] o.a.c.h.Http11NioProtocol                : Initializing ProtocolHandler ["http-nio-7070"]
2022-08-24 11:07:26.776  INFO DESKTOP-55AGI0I --- [  restartedMain] o.a.c.c.StandardService                  : Starting service [Tomcat]
2022-08-24 11:07:26.776  INFO DESKTOP-55AGI0I --- [  restartedMain] o.a.c.c.StandardEngine                   : Starting Servlet engine: [Apache Tomcat/9.0.46]
2022-08-24 11:07:26.902  INFO DESKTOP-55AGI0I --- [  restartedMain] o.a.c.c.C.[.[.[/]                        : Initializing Spring embedded WebApplicationContext
2022-08-24 11:07:26.902  INFO DESKTOP-55AGI0I --- [  restartedMain] w.s.c.ServletWebServerApplicationContext : Root WebApplicationContext: initialization completed in 2561 ms
2022-08-24 11:07:28.042  INFO DESKTOP-55AGI0I --- [  restartedMain] o.s.s.c.ThreadPoolTaskExecutor           : Initializing ExecutorService 'applicationTaskExecutor'
2022-08-24 11:07:29.082  INFO DESKTOP-55AGI0I --- [  restartedMain] o.s.s.c.ThreadPoolTaskScheduler          : Initializing ExecutorService 'taskScheduler'
2022-08-24 11:07:29.145  INFO DESKTOP-55AGI0I --- [  restartedMain] o.s.b.d.a.OptionalLiveReloadServer       : LiveReload server is running on port 35729
2022-08-24 11:07:29.439  INFO DESKTOP-55AGI0I --- [  restartedMain] o.s.b.a.e.w.EndpointLinksResolver        : Exposing 2 endpoint(s) beneath base path '/actuator'
2022-08-24 11:07:29.551  INFO DESKTOP-55AGI0I --- [  restartedMain] o.a.c.h.Http11NioProtocol                : Starting ProtocolHandler ["http-nio-7070"]
2022-08-24 11:07:29.563  INFO DESKTOP-55AGI0I --- [  restartedMain] o.s.b.w.e.t.TomcatWebServer              : Tomcat started on port(s): 7070 (http) with context path ''
2022-08-24 11:07:29.581  INFO DESKTOP-55AGI0I --- [  restartedMain] c.p.l.Log4jdemoApplication               : Started Log4jdemoApplication in 8.551 seconds (JVM running for 11.001)
2022-08-24 11:07:29.586  INFO DESKTOP-55AGI0I --- [  restartedMain] c.p.l.Log4jdemoApplication               : Info level log message
2022-08-24 11:07:29.587 DEBUG DESKTOP-55AGI0I --- [  restartedMain] c.p.l.Log4jdemoApplication               : Debug level log message
2022-08-24 11:07:29.587 ERROR DESKTOP-55AGI0I --- [  restartedMain] c.p.l.Log4jdemoApplication               : Error level log message
2022-08-24 11:07:30.288  INFO DESKTOP-55AGI0I --- [)-192.168.0.103] o.a.c.c.C.[.[.[/]                        : Initializing Spring DispatcherServlet 'dispatcherServlet'
2022-08-24 11:07:30.288  INFO DESKTOP-55AGI0I --- [)-192.168.0.103] o.s.w.s.DispatcherServlet                : Initializing Servlet 'dispatcherServlet'
2022-08-24 11:07:30.304  INFO DESKTOP-55AGI0I --- [)-192.168.0.103] o.s.w.s.DispatcherServlet                : Completed initialization in 16 ms
2022-08-24 11:11:35.195  INFO DESKTOP-55AGI0I --- [extShutdownHook] o.s.s.c.ThreadPoolTaskScheduler          : Shutting down ExecutorService 'taskScheduler'
2022-08-24 11:11:35.198  INFO DESKTOP-55AGI0I --- [extShutdownHook] o.s.s.c.ThreadPoolTaskExecutor           : Shutting down ExecutorService 'applicationTaskExecutor'
